<?xml version="1.0" encoding="UTF-8"?>
<!-- Generated by org.testng.reporters.JUnitXMLReporter -->
<testsuite ignored="5" hostname="Godzilla-ASUSDesktop" failures="2" tests="10" name="Regression Tests" time="250.086" errors="0" timestamp="2023-09-21T18:59:43 MDT">
  <testcase classname="com.WebShopDemoProject.TestCases.SearchResultPage_TC" name="searchForProduct_Test" time="10.925">
    <failure type="org.openqa.selenium.NoSuchElementException" message="no such element: Unable to locate element: {&amp;quot;method&amp;quot;:&amp;quot;xpath&amp;quot;,&amp;quot;selector&amp;quot;:&amp;quot;//div[@class=&amp;apos;details&amp;apos;]/h2/a&amp;quot;}
  (Session info: chrome=117.0.5938.92)
For documentation on this error, please visit: https://www.selenium.dev/documentation/webdriver/troubleshooting/errors#no-such-element-exception
Build info: version: &amp;apos;4.12.1&amp;apos;, revision: &amp;apos;8e34639b11&amp;apos;
System info: os.name: &amp;apos;Windows 11&amp;apos;, os.arch: &amp;apos;amd64&amp;apos;, os.version: &amp;apos;10.0&amp;apos;, java.version: &amp;apos;20.0.2&amp;apos;
Driver info: org.openqa.selenium.chrome.ChromeDriver
Command: [7cb613ed062c52bdf8d5cdcce7dc5d0b, findElement {using=xpath, value=//div[@class=&amp;apos;details&amp;apos;]/h2/a}]
Capabilities {acceptInsecureCerts: false, browserName: chrome, browserVersion: 117.0.5938.92, chrome: {chromedriverVersion: 117.0.5938.88 (be6afae47212..., userDataDir: C:\Users\write\AppData\Loca...}, fedcm:accounts: true, goog:chromeOptions: {debuggerAddress: localhost:60441}, networkConnectionEnabled: false, pageLoadStrategy: normal, platformName: windows, proxy: Proxy(), se:cdp: ws://localhost:60441/devtoo..., se:cdpVersion: 117.0.5938.92, setWindowRect: true, strictFileInteractability: false, timeouts: {implicit: 0, pageLoad: 300000, script: 30000}, unhandledPromptBehavior: dismiss and notify, webauthn:extension:credBlob: true, webauthn:extension:largeBlob: true, webauthn:extension:minPinLength: true, webauthn:extension:prf: true, webauthn:virtualAuthenticators: true}
Session ID: 7cb613ed062c52bdf8d5cdcce7dc5d0b">
      <![CDATA[org.openqa.selenium.NoSuchElementException: no such element: Unable to locate element: {"method":"xpath","selector":"//div[@class='details']/h2/a"}
  (Session info: chrome=117.0.5938.92)
For documentation on this error, please visit: https://www.selenium.dev/documentation/webdriver/troubleshooting/errors#no-such-element-exception
Build info: version: '4.12.1', revision: '8e34639b11'
System info: os.name: 'Windows 11', os.arch: 'amd64', os.version: '10.0', java.version: '20.0.2'
Driver info: org.openqa.selenium.chrome.ChromeDriver
Command: [7cb613ed062c52bdf8d5cdcce7dc5d0b, findElement {using=xpath, value=//div[@class='details']/h2/a}]
Capabilities {acceptInsecureCerts: false, browserName: chrome, browserVersion: 117.0.5938.92, chrome: {chromedriverVersion: 117.0.5938.88 (be6afae47212..., userDataDir: C:\Users\write\AppData\Loca...}, fedcm:accounts: true, goog:chromeOptions: {debuggerAddress: localhost:60441}, networkConnectionEnabled: false, pageLoadStrategy: normal, platformName: windows, proxy: Proxy(), se:cdp: ws://localhost:60441/devtoo..., se:cdpVersion: 117.0.5938.92, setWindowRect: true, strictFileInteractability: false, timeouts: {implicit: 0, pageLoad: 300000, script: 30000}, unhandledPromptBehavior: dismiss and notify, webauthn:extension:credBlob: true, webauthn:extension:largeBlob: true, webauthn:extension:minPinLength: true, webauthn:extension:prf: true, webauthn:virtualAuthenticators: true}
Session ID: 7cb613ed062c52bdf8d5cdcce7dc5d0b
at org.openqa.selenium.remote.codec.w3c.W3CHttpResponseCodec.createException(W3CHttpResponseCodec.java:200)
at org.openqa.selenium.remote.codec.w3c.W3CHttpResponseCodec.decode(W3CHttpResponseCodec.java:133)
at org.openqa.selenium.remote.codec.w3c.W3CHttpResponseCodec.decode(W3CHttpResponseCodec.java:52)
at org.openqa.selenium.remote.HttpCommandExecutor.execute(HttpCommandExecutor.java:191)
at org.openqa.selenium.remote.service.DriverCommandExecutor.invokeExecute(DriverCommandExecutor.java:196)
at org.openqa.selenium.remote.service.DriverCommandExecutor.execute(DriverCommandExecutor.java:171)
at org.openqa.selenium.remote.RemoteWebDriver.execute(RemoteWebDriver.java:602)
at org.openqa.selenium.remote.ElementLocation$ElementFinder$2.findElement(ElementLocation.java:165)
at org.openqa.selenium.remote.ElementLocation.findElement(ElementLocation.java:59)
at org.openqa.selenium.remote.RemoteWebDriver.findElement(RemoteWebDriver.java:359)
at org.openqa.selenium.remote.RemoteWebDriver.findElement(RemoteWebDriver.java:353)
at org.openqa.selenium.support.pagefactory.DefaultElementLocator.findElement(DefaultElementLocator.java:68)
at org.openqa.selenium.support.pagefactory.internal.LocatingElementHandler.invoke(LocatingElementHandler.java:38)
at jdk.proxy2/jdk.proxy2.$Proxy19.getText(Unknown Source)
at com.WebShopDemoProject.PageObjects.SearchResultPage.getproductTitle(SearchResultPage.java:41)
at com.WebShopDemoProject.TestCases.SearchResultPage_TC.searchForProduct_Test(SearchResultPage_TC.java:31)
at java.base/java.util.ArrayList.forEach(ArrayList.java:1511)
... Removed 28 stack frames]]>
    </failure>
  </testcase> <!-- searchForProduct_Test -->
  <testcase classname="com.WebShopDemoProject.TestCases.LoginPage_DDTC" name="loginTest" time="22.745"/>
  <testcase classname="com.WebShopDemoProject.TestCases.HomePage_TC" name="getWishListlabel_Test" time="3.486"/>
  <testcase classname="com.WebShopDemoProject.TestCases.HomePage_TC" name="wishListValidation_Test" time="3.487"/>
  <testcase classname="com.WebShopDemoProject.TestCases.HomePage_TC" name="wishListlabelvalidatecontent_Test" time="3.452"/>
  <testcase classname="com.WebShopDemoProject.TestCases.CreatePurchaseOrder_DDTC1" name="CreatePurchaseOrder_Test" time="69.505"/>
  <testcase classname="com.WebShopDemoProject.TestCases.CreatePurchaseOrder_DDTC1" name="CreatePurchaseOrder_Test" time="68.417"/>
  <testcase classname="com.WebShopDemoProject.TestCases.AccountCreation_TC" name="registerNewAccount_Test" time="27.69"/>
  <testcase classname="com.WebShopDemoProject.TestCases.LandingPage_TC" name="verifyWebShopLogo_Test" time="0.036"/>
  <testcase classname="com.WebShopDemoProject.TestCases.LandingPage_TC" name="verifyWebShopWebPageTitle_Test" time="0.004">
    <failure type="java.lang.AssertionError" message="expected [Deo Web Shop] but found [Demo Web Shop]">
      <![CDATA[java.lang.AssertionError: expected [Deo Web Shop] but found [Demo Web Shop]
at com.WebShopDemoProject.TestCases.LandingPage_TC.verifyWebShopWebPageTitle_Test(LandingPage_TC.java:39)
at java.base/java.util.ArrayList.forEach(ArrayList.java:1511)
... Removed 30 stack frames]]>
    </failure>
  </testcase> <!-- verifyWebShopWebPageTitle_Test -->
  <testcase classname="com.WebShopDemoProject.base.BaseClass" name="@BeforeSuite loadConfig" time="0.0">
    <ignored/>
  </testcase> <!-- @BeforeSuite loadConfig -->
  <testcase classname="com.WebShopDemoProject.base.BaseClass" name="@BeforeSuite loadConfig" time="0.0">
    <ignored/>
  </testcase> <!-- @BeforeSuite loadConfig -->
  <testcase classname="com.WebShopDemoProject.base.BaseClass" name="@BeforeSuite loadConfig" time="0.0">
    <ignored/>
  </testcase> <!-- @BeforeSuite loadConfig -->
  <testcase classname="com.WebShopDemoProject.base.BaseClass" name="@BeforeSuite loadConfig" time="0.0">
    <ignored/>
  </testcase> <!-- @BeforeSuite loadConfig -->
  <testcase classname="com.WebShopDemoProject.base.BaseClass" name="@BeforeSuite loadConfig" time="0.0">
    <ignored/>
  </testcase> <!-- @BeforeSuite loadConfig -->
</testsuite> <!-- Regression Tests -->
