<?xml version="1.0" encoding="UTF-8"?>
<!-- Generated by org.testng.reporters.JUnitXMLReporter -->
<testsuite ignored="8" hostname="Godzilla-ASUSDesktop" failures="0" tests="3" name="Regression Test" time="0.652" errors="0" timestamp="2023-09-19T20:12:03 MDT">
  <testcase classname="com.WebShopDemo.base.BaseClass" name="@BeforeClass setup" time="0.028">
    <failure type="java.lang.NullPointerException" message="Cannot invoke &amp;quot;java.util.Properties.getProperty(String)&amp;quot; because &amp;quot;com.WebShopDemo.base.BaseClass.prop&amp;quot; is null">
      <![CDATA[java.lang.NullPointerException: Cannot invoke "java.util.Properties.getProperty(String)" because "com.WebShopDemo.base.BaseClass.prop" is null
at com.WebShopDemo.base.BaseClass.setup(BaseClass.java:70)
at java.base/java.util.ArrayList.forEach(ArrayList.java:1511)
... Removed 23 stack frames]]>
    </failure>
  </testcase> <!-- @BeforeClass setup -->
  <testcase classname="com.WebShopDemo.base.BaseClass" name="@AfterClass tearDown" time="-1.695175923501E9">
    <skipped/>
  </testcase> <!-- @AfterClass tearDown -->
  <testcase classname="com.WebShopDemo.base.BaseClass" name="@BeforeClass setup" time="0.006">
    <failure type="java.lang.NullPointerException" message="Cannot invoke &amp;quot;java.util.Properties.getProperty(String)&amp;quot; because &amp;quot;com.WebShopDemo.base.BaseClass.prop&amp;quot; is null">
      <![CDATA[java.lang.NullPointerException: Cannot invoke "java.util.Properties.getProperty(String)" because "com.WebShopDemo.base.BaseClass.prop" is null
at com.WebShopDemo.base.BaseClass.setup(BaseClass.java:70)
at java.base/java.util.ArrayList.forEach(ArrayList.java:1511)
... Removed 23 stack frames]]>
    </failure>
  </testcase> <!-- @BeforeClass setup -->
  <testcase classname="com.WebShopDemo.base.BaseClass" name="@AfterClass tearDown" time="-1.695175923511E9">
    <skipped/>
  </testcase> <!-- @AfterClass tearDown -->
  <testcase classname="com.WebShopDemo.TestCases.CreatePurchaseOrder_DDTC1" name="CreatePurchaseOrder_Test" time="0.0">
    <skipped/>
  </testcase> <!-- CreatePurchaseOrder_Test -->
  <testcase classname="com.WebShopDemo.TestCases.CreatePurchaseOrder_DDTC1" name="CreatePurchaseOrder_Test" time="0.0">
    <skipped/>
  </testcase> <!-- CreatePurchaseOrder_Test -->
  <testcase classname="com.WebShopDemo.TestCases.AccountCreation_TC" name="registerNewAccount_Test" time="0.0">
    <skipped/>
  </testcase> <!-- registerNewAccount_Test -->
  <testcase classname="com.WebShopDemo.TestCases.SearchResultPage_TC" name="searchForProduct" time="0.0">
    <ignored/>
  </testcase> <!-- searchForProduct -->
  <testcase classname="com.WebShopDemo.TestCases.LoginPage_DDTC" name="loginTest" time="0.0">
    <ignored/>
  </testcase> <!-- loginTest -->
  <testcase classname="com.WebShopDemo.TestCases.HomePage_TC" name="wishListValidation_Test" time="0.0">
    <ignored/>
  </testcase> <!-- wishListValidation_Test -->
  <testcase classname="com.WebShopDemo.TestCases.HomePage_TC" name="wishListlabelvalidatecontent_Test" time="0.0">
    <ignored/>
  </testcase> <!-- wishListlabelvalidatecontent_Test -->
  <testcase classname="com.WebShopDemo.TestCases.LandingPage_TC" name="verifyWebShopWebPageTitle_Test" time="0.0">
    <ignored/>
  </testcase> <!-- verifyWebShopWebPageTitle_Test -->
  <testcase classname="com.WebShopDemo.TestCases.HomePage_TC" name="getWishListlabel_Test" time="0.0">
    <ignored/>
  </testcase> <!-- getWishListlabel_Test -->
  <testcase classname="com.WebShopDemo.TestCases.LandingPage_TC" name="verifyWebShopLogo_Test" time="0.0">
    <ignored/>
  </testcase> <!-- verifyWebShopLogo_Test -->
  <testcase classname="com.WebShopDemo.TestCases.CreatePurchaseOrder_TC" name="CreatePurchaseOrder_Test" time="0.0">
    <ignored/>
  </testcase> <!-- CreatePurchaseOrder_Test -->
</testsuite> <!-- Regression Test -->
