<?xml version="1.0" encoding="UTF-8"?>
<!-- Generated by org.testng.reporters.JUnitXMLReporter -->
<testsuite ignored="5" hostname="Godzilla-ASUSDesktop" failures="0" tests="5" name="Sanity Test" time="0.043" errors="0" timestamp="2023-09-21T11:56:35 MDT">
  <testcase classname="com.WebShopDemoProject.base.BaseClass" name="@BeforeClass setup" time="0.006">
    <failure type="java.lang.NullPointerException" message="Cannot invoke &amp;quot;java.util.Properties.getProperty(String)&amp;quot; because &amp;quot;com.WebShopDemoProject.base.BaseClass.prop&amp;quot; is null">
      <![CDATA[java.lang.NullPointerException: Cannot invoke "java.util.Properties.getProperty(String)" because "com.WebShopDemoProject.base.BaseClass.prop" is null
at com.WebShopDemoProject.base.BaseClass.setup(BaseClass.java:75)
at java.base/java.util.ArrayList.forEach(ArrayList.java:1511)
... Removed 23 stack frames]]>
    </failure>
  </testcase> <!-- @BeforeClass setup -->
  <testcase classname="com.WebShopDemoProject.base.BaseClass" name="@AfterClass tearDown" time="-1.695318994986E9">
    <skipped/>
  </testcase> <!-- @AfterClass tearDown -->
  <testcase classname="com.WebShopDemoProject.base.BaseClass" name="@BeforeClass setup" time="0.0">
    <failure type="java.lang.NullPointerException" message="Cannot invoke &amp;quot;java.util.Properties.getProperty(String)&amp;quot; because &amp;quot;com.WebShopDemoProject.base.BaseClass.prop&amp;quot; is null">
      <![CDATA[java.lang.NullPointerException: Cannot invoke "java.util.Properties.getProperty(String)" because "com.WebShopDemoProject.base.BaseClass.prop" is null
at com.WebShopDemoProject.base.BaseClass.setup(BaseClass.java:75)
at java.base/java.util.ArrayList.forEach(ArrayList.java:1511)
... Removed 23 stack frames]]>
    </failure>
  </testcase> <!-- @BeforeClass setup -->
  <testcase classname="com.WebShopDemoProject.base.BaseClass" name="@AfterClass tearDown" time="-1.695318994991E9">
    <skipped/>
  </testcase> <!-- @AfterClass tearDown -->
  <testcase classname="com.WebShopDemoProject.TestCases.HomePage_TC" name="getWishListlabel_Test" time="0.0">
    <skipped/>
  </testcase> <!-- getWishListlabel_Test -->
  <testcase classname="com.WebShopDemoProject.TestCases.HomePage_TC" name="wishListValidation_Test" time="0.0">
    <skipped/>
  </testcase> <!-- wishListValidation_Test -->
  <testcase classname="com.WebShopDemoProject.TestCases.HomePage_TC" name="wishListlabelvalidatecontent_Test" time="0.0">
    <skipped/>
  </testcase> <!-- wishListlabelvalidatecontent_Test -->
  <testcase classname="com.WebShopDemoProject.TestCases.LandingPage_TC" name="verifyWebShopLogo_Test" time="0.0">
    <skipped/>
  </testcase> <!-- verifyWebShopLogo_Test -->
  <testcase classname="com.WebShopDemoProject.TestCases.LandingPage_TC" name="verifyWebShopWebPageTitle_Test" time="0.0">
    <skipped/>
  </testcase> <!-- verifyWebShopWebPageTitle_Test -->
  <testcase classname="com.WebShopDemoProject.TestCases.AccountCreation_TC" name="registerNewAccount_Test" time="0.0">
    <ignored/>
  </testcase> <!-- registerNewAccount_Test -->
  <testcase classname="com.WebShopDemoProject.TestCases.CreatePurchaseOrder_DDTC1" name="CreatePurchaseOrder_Test" time="0.0">
    <ignored/>
  </testcase> <!-- CreatePurchaseOrder_Test -->
  <testcase classname="com.WebShopDemoProject.TestCases.LoginPage_DDTC" name="loginTest" time="0.0">
    <ignored/>
  </testcase> <!-- loginTest -->
  <testcase classname="com.WebShopDemoProject.TestCases.CreatePurchaseOrder_TC" name="CreatePurchaseOrder_Test" time="0.0">
    <ignored/>
  </testcase> <!-- CreatePurchaseOrder_Test -->
  <testcase classname="com.WebShopDemoProject.TestCases.SearchResultPage_TC" name="searchForProduct_Test" time="0.0">
    <ignored/>
  </testcase> <!-- searchForProduct_Test -->
</testsuite> <!-- Sanity Test -->
