<?xml version="1.0" encoding="UTF-8"?>
<!-- Generated by org.testng.reporters.JUnitXMLReporter -->
<testsuite ignored="0" hostname="Godzilla-ASUSDesktop" failures="1" tests="2" name="test chrome" time="7.286" errors="0" timestamp="2023-09-21T19:51:23 MDT">
  <testcase classname="com.WebShopDemoProject.TestCases.LandingPage_TC" name="verifyWebShopLogo_Test" time="0.073"/>
  <testcase classname="com.WebShopDemoProject.TestCases.LandingPage_TC" name="verifyWebShopWebPageTitle_Test" time="0.006">
    <failure type="java.lang.AssertionError" message="expected [Deo Web Shop] but found [Demo Web Shop]">
      <![CDATA[java.lang.AssertionError: expected [Deo Web Shop] but found [Demo Web Shop]
at com.WebShopDemoProject.TestCases.LandingPage_TC.verifyWebShopWebPageTitle_Test(LandingPage_TC.java:39)
at java.base/java.util.ArrayList.forEach(ArrayList.java:1511)
... Removed 30 stack frames]]>
    </failure>
  </testcase> <!-- verifyWebShopWebPageTitle_Test -->
</testsuite> <!-- test chrome -->
