<?xml version="1.0" encoding="UTF-8"?>
<testng-results ignored="0" total="2" passed="1" failed="1" skipped="0">
  <reporter-output>
  </reporter-output>
  <suite started-at="2023-09-21T23:29:35 MDT" name="Suite1" finished-at="2023-09-21T23:29:49 MDT" duration-ms="14039">
    <groups>
      <group name="Sanity">
        <method signature="LandingPage_TC.verifyWebShopLogo_Test()[pri:0, instance:com.WebShopDemoProject.TestCases.LandingPage_TC@1a451d4d]" name="verifyWebShopLogo_Test" class="com.WebShopDemoProject.TestCases.LandingPage_TC"/>
        <method signature="LandingPage_TC.verifyWebShopWebPageTitle_Test()[pri:0, instance:com.WebShopDemoProject.TestCases.LandingPage_TC@1a451d4d]" name="verifyWebShopWebPageTitle_Test" class="com.WebShopDemoProject.TestCases.LandingPage_TC"/>
      </group> <!-- Sanity -->
    </groups>
    <test started-at="2023-09-21T23:29:35 MDT" name="test chrome" finished-at="2023-09-21T23:29:49 MDT" duration-ms="14039">
      <class name="com.WebShopDemoProject.TestCases.LandingPage_TC">
        <test-method is-config="true" signature="loadConfig()[pri:0, instance:com.WebShopDemoProject.TestCases.LandingPage_TC@1a451d4d]" started-at="2023-09-21T23:29:35 MDT" name="loadConfig" finished-at="2023-09-21T23:29:35 MDT" duration-ms="93" status="PASS">
          <reporter-output>
          </reporter-output>
        </test-method> <!-- loadConfig -->
        <test-method is-config="true" signature="setup(java.lang.String)[pri:0, instance:com.WebShopDemoProject.TestCases.LandingPage_TC@1a451d4d]" started-at="2023-09-21T23:29:35 MDT" name="setup" finished-at="2023-09-21T23:29:39 MDT" duration-ms="3934" status="PASS">
          <params>
            <param index="0">
              <value>
                <![CDATA[chrome]]>
              </value>
            </param>
          </params>
          <reporter-output>
          </reporter-output>
        </test-method> <!-- setup -->
        <test-method signature="verifyWebShopLogo_Test()[pri:0, instance:com.WebShopDemoProject.TestCases.LandingPage_TC@1a451d4d]" started-at="2023-09-21T23:29:39 MDT" name="verifyWebShopLogo_Test" finished-at="2023-09-21T23:29:39 MDT" duration-ms="69" status="PASS">
          <reporter-output>
          </reporter-output>
        </test-method> <!-- verifyWebShopLogo_Test -->
        <test-method is-config="true" signature="tearDown()[pri:0, instance:com.WebShopDemoProject.TestCases.LandingPage_TC@1a451d4d]" started-at="2023-09-21T23:29:39 MDT" name="tearDown" finished-at="2023-09-21T23:29:42 MDT" duration-ms="3144" status="PASS">
          <reporter-output>
          </reporter-output>
        </test-method> <!-- tearDown -->
        <test-method is-config="true" signature="setup(java.lang.String)[pri:0, instance:com.WebShopDemoProject.TestCases.LandingPage_TC@1a451d4d]" started-at="2023-09-21T23:29:42 MDT" name="setup" finished-at="2023-09-21T23:29:46 MDT" duration-ms="3517" status="PASS">
          <params>
            <param index="0">
              <value>
                <![CDATA[chrome]]>
              </value>
            </param>
          </params>
          <reporter-output>
          </reporter-output>
        </test-method> <!-- setup -->
        <test-method signature="verifyWebShopWebPageTitle_Test()[pri:0, instance:com.WebShopDemoProject.TestCases.LandingPage_TC@1a451d4d]" started-at="2023-09-21T23:29:46 MDT" name="verifyWebShopWebPageTitle_Test" finished-at="2023-09-21T23:29:46 MDT" duration-ms="5" status="FAIL">
          <exception class="java.lang.AssertionError">
            <message>
              <![CDATA[expected [Deo Web Shop] but found [Demo Web Shop]]]>
            </message>
            <full-stacktrace>
              <![CDATA[java.lang.AssertionError: expected [Deo Web Shop] but found [Demo Web Shop]
at org.testng.Assert.fail(Assert.java:97)
at org.testng.Assert.assertEqualsImpl(Assert.java:136)
at org.testng.Assert.assertEquals(Assert.java:118)
at org.testng.Assert.assertEquals(Assert.java:575)
at org.testng.Assert.assertEquals(Assert.java:585)
at com.WebShopDemoProject.TestCases.LandingPage_TC.verifyWebShopWebPageTitle_Test(LandingPage_TC.java:39)
at java.base/jdk.internal.reflect.DirectMethodHandleAccessor.invoke(DirectMethodHandleAccessor.java:104)
at java.base/java.lang.reflect.Method.invoke(Method.java:578)
at org.testng.internal.MethodInvocationHelper.invokeMethod(MethodInvocationHelper.java:134)
at org.testng.internal.TestInvoker.invokeMethod(TestInvoker.java:597)
at org.testng.internal.TestInvoker.invokeTestMethod(TestInvoker.java:173)
at org.testng.internal.MethodRunner.runInSequence(MethodRunner.java:46)
at org.testng.internal.TestInvoker$MethodInvocationAgent.invoke(TestInvoker.java:816)
at org.testng.internal.TestInvoker.invokeTestMethods(TestInvoker.java:146)
at org.testng.internal.TestMethodWorker.invokeTestMethods(TestMethodWorker.java:146)
at org.testng.internal.TestMethodWorker.run(TestMethodWorker.java:128)
at java.base/java.util.ArrayList.forEach(ArrayList.java:1511)
at org.testng.TestRunner.privateRun(TestRunner.java:766)
at org.testng.TestRunner.run(TestRunner.java:587)
at org.testng.SuiteRunner.runTest(SuiteRunner.java:384)
at org.testng.SuiteRunner.runSequentially(SuiteRunner.java:378)
at org.testng.SuiteRunner.privateRun(SuiteRunner.java:337)
at org.testng.SuiteRunner.run(SuiteRunner.java:286)
at org.testng.SuiteRunnerWorker.runSuite(SuiteRunnerWorker.java:53)
at org.testng.SuiteRunnerWorker.run(SuiteRunnerWorker.java:96)
at org.testng.TestNG.runSuitesSequentially(TestNG.java:1187)
at org.testng.TestNG.runSuitesLocally(TestNG.java:1109)
at org.testng.TestNG.runSuites(TestNG.java:1039)
at org.testng.TestNG.run(TestNG.java:1007)
at org.testng.remote.AbstractRemoteTestNG.run(AbstractRemoteTestNG.java:115)
at org.testng.remote.RemoteTestNG.initAndRun(RemoteTestNG.java:251)
at org.testng.remote.RemoteTestNG.main(RemoteTestNG.java:77)
]]>
            </full-stacktrace>
          </exception> <!-- java.lang.AssertionError -->
          <reporter-output>
          </reporter-output>
        </test-method> <!-- verifyWebShopWebPageTitle_Test -->
        <test-method is-config="true" signature="tearDown()[pri:0, instance:com.WebShopDemoProject.TestCases.LandingPage_TC@1a451d4d]" started-at="2023-09-21T23:29:46 MDT" name="tearDown" finished-at="2023-09-21T23:29:49 MDT" duration-ms="3132" status="PASS">
          <reporter-output>
          </reporter-output>
        </test-method> <!-- tearDown -->
      </class> <!-- com.WebShopDemoProject.TestCases.LandingPage_TC -->
    </test> <!-- test chrome -->
  </suite> <!-- Suite1 -->
</testng-results>
